<?xml version="1.0" encoding="UTF-8"?>
<!-- Generated by org.testng.reporters.JUnitXMLReporter -->
<testsuite ignored="1" hostname="Deepu-PC" failures="0" tests="3" name="Default test" time="53.728" errors="0" timestamp="2023-10-26T01:05:28 EDT">
  <testcase classname="yuja.appium.ValidationOfPages" name="ValidateProfilePage" time="5.39"/>
  <testcase classname="yuja.appium.ValidationOfPages" name="ValidateProfilePage" time="5.635"/>
  <testcase classname="yuja.appium.ValidationOfPages" name="ValidateProfilePage" time="4.701"/>
  <testcase classname="yuja.appium.ValidationOfPages" name="ValidateHomePage" time="0.0">
    <ignored/>
  </testcase> <!-- ValidateHomePage -->
</testsuite> <!-- Default test -->
