<?xml version="1.0" encoding="UTF-8"?>
<!-- Generated by org.testng.reporters.JUnitXMLReporter -->
<testsuite ignored="2" hostname="Deepu-PC" failures="0" tests="0" time="0.001" errors="0" timestamp="2023-11-01T23:52:13 EDT">
  <testcase classname="yuja.appium.ValidationOfPages" name="ValidateHomePage" time="0.0">
    <ignored/>
  </testcase> <!-- ValidateHomePage -->
  <testcase classname="yuja.appium.ValidationOfPages" name="ValidateProfilePage" time="0.0">
    <ignored/>
  </testcase> <!-- ValidateProfilePage -->
</testsuite>
